<?xml version="1.0" encoding="UTF-8"?>
<coverage generated="1783447841898" clover="3.2.0">
  <project timestamp="1783447841898" name="All files">
    <metrics statements="187" coveredstatements="181" conditionals="112" coveredconditionals="105" methods="29" coveredmethods="28" elements="328" coveredelements="314" complexity="0" loc="187" ncloc="187" packages="1" files="6" classes="6"/>
    <file name="clasificacion.ts" path="C:\Users\maily\Music\web_calculador_pago\src\lib\calculos\clasificacion.ts">
      <metrics statements="29" coveredstatements="29" conditionals="38" coveredconditionals="37" methods="5" coveredmethods="5"/>
      <line num="6" count="15" type="stmt"/>
      <line num="7" count="15" type="stmt"/>
      <line num="11" count="80" type="stmt"/>
      <line num="12" count="80" type="stmt"/>
      <line num="13" count="80" type="cond" truecount="2" falsecount="0"/>
      <line num="15" count="70" type="stmt"/>
      <line num="16" count="70" type="stmt"/>
      <line num="17" count="70" type="stmt"/>
      <line num="19" count="70" type="stmt"/>
      <line num="20" count="70" type="stmt"/>
      <line num="22" count="70" type="cond" truecount="2" falsecount="0"/>
      <line num="23" count="4" type="stmt"/>
      <line num="26" count="70" type="cond" truecount="1" falsecount="1"/>
      <line num="28" count="70" type="cond" truecount="4" falsecount="0"/>
      <line num="29" count="1" type="stmt"/>
      <line num="32" count="69" type="cond" truecount="2" falsecount="0"/>
      <line num="36" count="47" type="cond" truecount="4" falsecount="0"/>
      <line num="37" count="7" type="cond" truecount="4" falsecount="0"/>
      <line num="38" count="6" type="cond" truecount="4" falsecount="0"/>
      <line num="39" count="1" type="stmt"/>
      <line num="43" count="28" type="cond" truecount="4" falsecount="0"/>
      <line num="44" count="21" type="cond" truecount="4" falsecount="0"/>
      <line num="45" count="9" type="cond" truecount="4" falsecount="0"/>
      <line num="46" count="4" type="stmt"/>
      <line num="54" count="75" type="cond" truecount="2" falsecount="0"/>
      <line num="55" count="47" type="stmt"/>
      <line num="56" count="47" type="stmt"/>
      <line num="58" count="28" type="stmt"/>
      <line num="59" count="28" type="stmt"/>
    </file>
    <file name="constantes.ts" path="C:\Users\maily\Music\web_calculador_pago\src\lib\calculos\constantes.ts">
      <metrics statements="3" coveredstatements="3" conditionals="0" coveredconditionals="0" methods="0" coveredmethods="0"/>
      <line num="1" count="4" type="stmt"/>
      <line num="10" count="4" type="stmt"/>
      <line num="20" count="4" type="stmt"/>
    </file>
    <file name="festivos.ts" path="C:\Users\maily\Music\web_calculador_pago\src\lib\calculos\festivos.ts">
      <metrics statements="24" coveredstatements="23" conditionals="12" coveredconditionals="10" methods="7" coveredmethods="7"/>
      <line num="10" count="2" type="stmt"/>
      <line num="13" count="73" type="cond" truecount="2" falsecount="0"/>
      <line num="14" count="70" type="stmt"/>
      <line num="16" count="3" type="stmt"/>
      <line num="17" count="3" type="cond" truecount="1" falsecount="1"/>
      <line num="18" count="0" type="stmt"/>
      <line num="20" count="3" type="stmt"/>
      <line num="21" count="3" type="stmt"/>
      <line num="25" count="73" type="stmt"/>
      <line num="26" count="73" type="stmt"/>
      <line num="27" count="73" type="stmt"/>
      <line num="28" count="73" type="stmt"/>
      <line num="32" count="74" type="cond" truecount="2" falsecount="0"/>
      <line num="36" count="71" type="cond" truecount="1" falsecount="1"/>
      <line num="37" count="71" type="stmt"/>
      <line num="38" count="71" type="stmt"/>
      <line num="39" count="71" type="stmt"/>
      <line num="40" count="1172" type="stmt"/>
      <line num="44" count="3" type="cond" truecount="2" falsecount="0"/>
      <line num="45" count="2" type="stmt"/>
      <line num="46" count="2" type="stmt"/>
      <line num="47" count="2" type="stmt"/>
      <line num="48" count="19" type="stmt"/>
      <line num="49" count="2" type="cond" truecount="2" falsecount="0"/>
    </file>
    <file name="motor.ts" path="C:\Users\maily\Music\web_calculador_pago\src\lib\calculos\motor.ts">
      <metrics statements="48" coveredstatements="48" conditionals="19" coveredconditionals="19" methods="7" coveredmethods="7"/>
      <line num="20" count="19" type="stmt"/>
      <line num="22" count="19" type="stmt"/>
      <line num="23" count="19" type="stmt"/>
      <line num="24" count="19" type="cond" truecount="2" falsecount="0"/>
      <line num="25" count="1" type="stmt"/>
      <line num="33" count="18" type="stmt"/>
      <line num="34" count="18" type="stmt"/>
      <line num="35" count="18" type="cond" truecount="2" falsecount="0"/>
      <line num="36" count="2" type="stmt"/>
      <line num="44" count="16" type="stmt"/>
      <line num="45" count="16" type="stmt"/>
      <line num="46" count="16" type="cond" truecount="2" falsecount="0"/>
      <line num="47" count="1" type="stmt"/>
      <line num="55" count="15" type="cond" truecount="2" falsecount="0"/>
      <line num="56" count="1" type="stmt"/>
      <line num="63" count="15" type="stmt"/>
      <line num="69" count="15" type="stmt"/>
      <line num="70" count="15" type="stmt"/>
      <line num="71" count="15" type="stmt"/>
      <line num="73" count="15" type="stmt"/>
      <line num="74" count="67" type="stmt"/>
      <line num="75" count="67" type="cond" truecount="3" falsecount="0"/>
      <line num="76" count="67" type="stmt"/>
      <line num="77" count="67" type="stmt"/>
      <line num="78" count="67" type="stmt"/>
      <line num="80" count="67" type="stmt"/>
      <line num="81" count="67" type="stmt"/>
      <line num="83" count="67" type="cond" truecount="2" falsecount="0"/>
      <line num="87" count="67" type="stmt"/>
      <line num="100" count="67" type="stmt"/>
      <line num="101" count="15" type="cond" truecount="2" falsecount="0"/>
      <line num="102" count="5" type="stmt"/>
      <line num="109" count="15" type="stmt"/>
      <line num="111" count="15" type="stmt"/>
      <line num="112" count="67" type="stmt"/>
      <line num="113" count="67" type="stmt"/>
      <line num="114" count="67" type="cond" truecount="2" falsecount="0"/>
      <line num="115" count="47" type="stmt"/>
      <line num="116" count="47" type="stmt"/>
      <line num="117" count="47" type="stmt"/>
      <line num="119" count="20" type="stmt"/>
      <line num="123" count="15" type="stmt"/>
      <line num="124" count="15" type="stmt"/>
      <line num="125" count="67" type="stmt"/>
      <line num="126" count="20" type="stmt"/>
      <line num="134" count="67" type="stmt"/>
      <line num="135" count="15" type="cond" truecount="2" falsecount="0"/>
      <line num="137" count="19" type="stmt"/>
    </file>
    <file name="tipos.ts" path="C:\Users\maily\Music\web_calculador_pago\src\lib\calculos\tipos.ts">
      <metrics statements="1" coveredstatements="1" conditionals="0" coveredconditionals="0" methods="0" coveredmethods="0"/>
      <line num="1" count="2" type="stmt"/>
    </file>
    <file name="utilidades.ts" path="C:\Users\maily\Music\web_calculador_pago\src\lib\calculos\utilidades.ts">
      <metrics statements="82" coveredstatements="77" conditionals="43" coveredconditionals="39" methods="10" coveredmethods="9"/>
      <line num="5" count="82" type="stmt"/>
      <line num="9" count="404" type="stmt"/>
      <line num="10" count="404" type="cond" truecount="1" falsecount="1"/>
      <line num="14" count="0" type="stmt"/>
      <line num="18" count="74" type="stmt"/>
      <line num="19" count="74" type="cond" truecount="2" falsecount="0"/>
      <line num="23" count="102" type="cond" truecount="2" falsecount="0"/>
      <line num="27" count="15" type="stmt"/>
      <line num="29" count="15" type="stmt"/>
      <line num="30" count="16" type="stmt"/>
      <line num="31" count="16" type="stmt"/>
      <line num="32" count="16" type="stmt"/>
      <line num="34" count="16" type="stmt"/>
      <line num="35" count="16" type="stmt"/>
      <line num="36" count="16" type="stmt"/>
      <line num="38" count="16" type="cond" truecount="2" falsecount="0"/>
      <line num="39" count="2" type="stmt"/>
      <line num="42" count="16" type="stmt"/>
      <line num="43" count="16" type="cond" truecount="2" falsecount="0"/>
      <line num="44" count="67" type="stmt"/>
      <line num="45" count="67" type="stmt"/>
      <line num="49" count="15" type="stmt"/>
      <line num="53" count="22" type="stmt"/>
      <line num="54" count="22" type="stmt"/>
      <line num="56" count="22" type="cond" truecount="2" falsecount="0"/>
      <line num="57" count="1" type="stmt"/>
      <line num="62" count="1" type="stmt"/>
      <line num="65" count="21" type="cond" truecount="1" falsecount="1"/>
      <line num="66" count="0" type="stmt"/>
      <line num="71" count="0" type="stmt"/>
      <line num="74" count="21" type="stmt"/>
      <line num="75" count="21" type="stmt"/>
      <line num="77" count="21" type="stmt"/>
      <line num="78" count="25" type="stmt"/>
      <line num="79" count="25" type="stmt"/>
      <line num="80" count="25" type="stmt"/>
      <line num="81" count="25" type="stmt"/>
      <line num="83" count="25" type="cond" truecount="2" falsecount="0"/>
      <line num="84" count="1" type="stmt"/>
      <line num="89" count="1" type="stmt"/>
      <line num="92" count="24" type="cond" truecount="2" falsecount="0"/>
      <line num="93" count="4" type="stmt"/>
      <line num="96" count="24" type="cond" truecount="1" falsecount="1"/>
      <line num="97" count="0" type="stmt"/>
      <line num="102" count="0" type="stmt"/>
      <line num="105" count="24" type="stmt"/>
      <line num="106" count="24" type="stmt"/>
      <line num="109" count="20" type="stmt"/>
      <line num="110" count="23" type="stmt"/>
      <line num="111" count="4" type="cond" truecount="4" falsecount="0"/>
      <line num="112" count="1" type="stmt"/>
      <line num="117" count="1" type="stmt"/>
      <line num="122" count="19" type="cond" truecount="2" falsecount="0"/>
      <line num="123" count="1" type="stmt"/>
      <line num="128" count="1" type="stmt"/>
      <line num="131" count="20" type="cond" truecount="2" falsecount="0"/>
      <line num="132" count="3" type="stmt"/>
      <line num="139" count="18" type="stmt"/>
      <line num="143" count="23" type="stmt"/>
      <line num="145" count="23" type="cond" truecount="2" falsecount="0"/>
      <line num="146" count="2" type="stmt"/>
      <line num="151" count="2" type="stmt"/>
      <line num="154" count="21" type="stmt"/>
      <line num="155" count="21" type="stmt"/>
      <line num="156" count="93" type="stmt"/>
      <line num="157" count="93" type="cond" truecount="2" falsecount="0"/>
      <line num="158" count="1" type="stmt"/>
      <line num="163" count="1" type="stmt"/>
      <line num="166" count="92" type="cond" truecount="2" falsecount="0"/>
      <line num="167" count="1" type="stmt"/>
      <line num="172" count="1" type="stmt"/>
      <line num="175" count="91" type="stmt"/>
      <line num="176" count="91" type="stmt"/>
      <line num="177" count="91" type="stmt"/>
      <line num="178" count="91" type="cond" truecount="1" falsecount="1"/>
      <line num="179" count="91" type="stmt"/>
      <line num="182" count="19" type="cond" truecount="2" falsecount="0"/>
      <line num="183" count="17" type="stmt"/>
      <line num="190" count="19" type="stmt"/>
      <line num="194" count="22" type="cond" truecount="5" falsecount="0"/>
      <line num="195" count="4" type="stmt"/>
      <line num="203" count="18" type="stmt"/>
    </file>
  </project>
</coverage>
