{"C:\\Users\\maily\\Music\\web_calculador_pago\\src\\lib\\calculos\\clasificacion.ts": {"path":"C:\\Users\\maily\\Music\\web_calculador_pago\\src\\lib\\calculos\\clasificacion.ts","statementMap":{"0":{"start":{"line":6,"column":8},"end":{"line":6,"column":null}},"1":{"start":{"line":7,"column":2},"end":{"line":7,"column":null}},"2":{"start":{"line":11,"column":8},"end":{"line":11,"column":null}},"3":{"start":{"line":12,"column":18},"end":{"line":12,"column":null}},"4":{"start":{"line":13,"column":2},"end":{"line":13,"column":null}},"5":{"start":{"line":13,"column":16},"end":{"line":13,"column":null}},"6":{"start":{"line":15,"column":30},"end":{"line":15,"column":null}},"7":{"start":{"line":16,"column":30},"end":{"line":16,"column":null}},"8":{"start":{"line":17,"column":22},"end":{"line":17,"column":null}},"9":{"start":{"line":19,"column":22},"end":{"line":19,"column":null}},"10":{"start":{"line":20,"column":19},"end":{"line":20,"column":null}},"11":{"start":{"line":22,"column":2},"end":{"line":24,"column":null}},"12":{"start":{"line":23,"column":4},"end":{"line":23,"column":null}},"13":{"start":{"line":26,"column":2},"end":{"line":26,"column":null}},"14":{"start":{"line":26,"column":44},"end":{"line":26,"column":null}},"15":{"start":{"line":28,"column":2},"end":{"line":30,"column":null}},"16":{"start":{"line":29,"column":4},"end":{"line":29,"column":null}},"17":{"start":{"line":32,"column":2},"end":{"line":32,"column":null}},"18":{"start":{"line":36,"column":2},"end":{"line":36,"column":null}},"19":{"start":{"line":36,"column":33},"end":{"line":36,"column":null}},"20":{"start":{"line":37,"column":2},"end":{"line":37,"column":null}},"21":{"start":{"line":37,"column":32},"end":{"line":37,"column":null}},"22":{"start":{"line":38,"column":2},"end":{"line":38,"column":null}},"23":{"start":{"line":38,"column":32},"end":{"line":38,"column":null}},"24":{"start":{"line":39,"column":2},"end":{"line":39,"column":null}},"25":{"start":{"line":43,"column":2},"end":{"line":43,"column":null}},"26":{"start":{"line":43,"column":33},"end":{"line":43,"column":null}},"27":{"start":{"line":44,"column":2},"end":{"line":44,"column":null}},"28":{"start":{"line":44,"column":32},"end":{"line":44,"column":null}},"29":{"start":{"line":45,"column":2},"end":{"line":45,"column":null}},"30":{"start":{"line":45,"column":32},"end":{"line":45,"column":null}},"31":{"start":{"line":46,"column":2},"end":{"line":46,"column":null}},"32":{"start":{"line":54,"column":2},"end":{"line":57,"column":null}},"33":{"start":{"line":55,"column":14},"end":{"line":55,"column":null}},"34":{"start":{"line":56,"column":4},"end":{"line":56,"column":null}},"35":{"start":{"line":58,"column":12},"end":{"line":58,"column":null}},"36":{"start":{"line":59,"column":2},"end":{"line":59,"column":null}}},"fnMap":{"0":{"name":"esDiaLaboralHabitual","decl":{"start":{"line":5,"column":16},"end":{"line":5,"column":37}},"loc":{"start":{"line":5,"column":84},"end":{"line":8,"column":null}},"line":5},"1":{"name":"estaDentroDeJornada","decl":{"start":{"line":10,"column":16},"end":{"line":10,"column":36}},"loc":{"start":{"line":10,"column":82},"end":{"line":33,"column":null}},"line":10},"2":{"name":"festivoORecargo","decl":{"start":{"line":35,"column":9},"end":{"line":35,"column":25}},"loc":{"start":{"line":35,"column":107},"end":{"line":40,"column":null}},"line":35},"3":{"name":"extraORecargo","decl":{"start":{"line":42,"column":9},"end":{"line":42,"column":23}},"loc":{"start":{"line":42,"column":105},"end":{"line":47,"column":null}},"line":42},"4":{"name":"clasificarHora","decl":{"start":{"line":49,"column":16},"end":{"line":49,"column":null}},"loc":{"start":{"line":53,"column":65},"end":{"line":60,"column":null}},"line":53}},"branchMap":{"0":{"loc":{"start":{"line":13,"column":2},"end":{"line":13,"column":null}},"type":"if","locations":[{"start":{"line":13,"column":2},"end":{"line":13,"column":null}},{"start":{},"end":{}}],"line":13},"1":{"loc":{"start":{"line":22,"column":2},"end":{"line":24,"column":null}},"type":"if","locations":[{"start":{"line":22,"column":2},"end":{"line":24,"column":null}},{"start":{},"end":{}}],"line":22},"2":{"loc":{"start":{"line":26,"column":2},"end":{"line":26,"column":null}},"type":"if","locations":[{"start":{"line":26,"column":2},"end":{"line":26,"column":null}},{"start":{},"end":{}}],"line":26},"3":{"loc":{"start":{"line":28,"column":2},"end":{"line":30,"column":null}},"type":"if","locations":[{"start":{"line":28,"column":2},"end":{"line":30,"column":null}},{"start":{},"end":{}}],"line":28},"4":{"loc":{"start":{"line":28,"column":6},"end":{"line":28,"column":66}},"type":"binary-expr","locations":[{"start":{"line":28,"column":6},"end":{"line":28,"column":30}},{"start":{"line":28,"column":30},"end":{"line":28,"column":66}}],"line":28},"5":{"loc":{"start":{"line":32,"column":9},"end":{"line":32,"column":null}},"type":"binary-expr","locations":[{"start":{"line":32,"column":9},"end":{"line":32,"column":41}},{"start":{"line":32,"column":41},"end":{"line":32,"column":null}}],"line":32},"6":{"loc":{"start":{"line":36,"column":2},"end":{"line":36,"column":null}},"type":"if","locations":[{"start":{"line":36,"column":2},"end":{"line":36,"column":null}},{"start":{},"end":{}}],"line":36},"7":{"loc":{"start":{"line":36,"column":6},"end":{"line":36,"column":33}},"type":"binary-expr","locations":[{"start":{"line":36,"column":6},"end":{"line":36,"column":20}},{"start":{"line":36,"column":20},"end":{"line":36,"column":33}}],"line":36},"8":{"loc":{"start":{"line":37,"column":2},"end":{"line":37,"column":null}},"type":"if","locations":[{"start":{"line":37,"column":2},"end":{"line":37,"column":null}},{"start":{},"end":{}}],"line":37},"9":{"loc":{"start":{"line":37,"column":6},"end":{"line":37,"column":32}},"type":"binary-expr","locations":[{"start":{"line":37,"column":6},"end":{"line":37,"column":20}},{"start":{"line":37,"column":20},"end":{"line":37,"column":32}}],"line":37},"10":{"loc":{"start":{"line":38,"column":2},"end":{"line":38,"column":null}},"type":"if","locations":[{"start":{"line":38,"column":2},"end":{"line":38,"column":null}},{"start":{},"end":{}}],"line":38},"11":{"loc":{"start":{"line":38,"column":6},"end":{"line":38,"column":32}},"type":"binary-expr","locations":[{"start":{"line":38,"column":6},"end":{"line":38,"column":19}},{"start":{"line":38,"column":19},"end":{"line":38,"column":32}}],"line":38},"12":{"loc":{"start":{"line":43,"column":2},"end":{"line":43,"column":null}},"type":"if","locations":[{"start":{"line":43,"column":2},"end":{"line":43,"column":null}},{"start":{},"end":{}}],"line":43},"13":{"loc":{"start":{"line":43,"column":6},"end":{"line":43,"column":33}},"type":"binary-expr","locations":[{"start":{"line":43,"column":6},"end":{"line":43,"column":20}},{"start":{"line":43,"column":20},"end":{"line":43,"column":33}}],"line":43},"14":{"loc":{"start":{"line":44,"column":2},"end":{"line":44,"column":null}},"type":"if","locations":[{"start":{"line":44,"column":2},"end":{"line":44,"column":null}},{"start":{},"end":{}}],"line":44},"15":{"loc":{"start":{"line":44,"column":6},"end":{"line":44,"column":32}},"type":"binary-expr","locations":[{"start":{"line":44,"column":6},"end":{"line":44,"column":20}},{"start":{"line":44,"column":20},"end":{"line":44,"column":32}}],"line":44},"16":{"loc":{"start":{"line":45,"column":2},"end":{"line":45,"column":null}},"type":"if","locations":[{"start":{"line":45,"column":2},"end":{"line":45,"column":null}},{"start":{},"end":{}}],"line":45},"17":{"loc":{"start":{"line":45,"column":6},"end":{"line":45,"column":32}},"type":"binary-expr","locations":[{"start":{"line":45,"column":6},"end":{"line":45,"column":19}},{"start":{"line":45,"column":19},"end":{"line":45,"column":32}}],"line":45},"18":{"loc":{"start":{"line":54,"column":2},"end":{"line":57,"column":null}},"type":"if","locations":[{"start":{"line":54,"column":2},"end":{"line":57,"column":null}},{"start":{},"end":{}}],"line":54}},"s":{"0":15,"1":15,"2":80,"3":80,"4":80,"5":10,"6":70,"7":70,"8":70,"9":70,"10":70,"11":70,"12":4,"13":70,"14":0,"15":70,"16":1,"17":69,"18":47,"19":40,"20":7,"21":1,"22":6,"23":5,"24":1,"25":28,"26":7,"27":21,"28":12,"29":9,"30":5,"31":4,"32":75,"33":47,"34":47,"35":28,"36":28},"f":{"0":15,"1":80,"2":47,"3":28,"4":75},"b":{"0":[10,70],"1":[4,66],"2":[0,70],"3":[1,69],"4":[70,4],"5":[69,62],"6":[40,7],"7":[47,41],"8":[1,6],"9":[7,1],"10":[5,1],"11":[6,6],"12":[7,21],"13":[28,19],"14":[12,9],"15":[21,12],"16":[5,4],"17":[9,9],"18":[47,28]},"meta":{"lastBranch":19,"lastFunction":5,"lastStatement":37,"seen":{"f:5:16:5:37":0,"s:6:8:6:Infinity":0,"s:7:2:7:Infinity":1,"f:10:16:10:36":1,"s:11:8:11:Infinity":2,"s:12:18:12:Infinity":3,"b:13:2:13:Infinity:undefined:undefined:undefined:undefined":0,"s:13:2:13:Infinity":4,"s:13:16:13:Infinity":5,"s:15:30:15:Infinity":6,"s:16:30:16:Infinity":7,"s:17:22:17:Infinity":8,"s:19:22:19:Infinity":9,"s:20:19:20:Infinity":10,"b:22:2:24:Infinity:undefined:undefined:undefined:undefined":1,"s:22:2:24:Infinity":11,"s:23:4:23:Infinity":12,"b:26:2:26:Infinity:undefined:undefined:undefined:undefined":2,"s:26:2:26:Infinity":13,"s:26:44:26:Infinity":14,"b:28:2:30:Infinity:undefined:undefined:undefined:undefined":3,"s:28:2:30:Infinity":15,"b:28:6:28:30:28:30:28:66":4,"s:29:4:29:Infinity":16,"s:32:2:32:Infinity":17,"b:32:9:32:41:32:41:32:Infinity":5,"f:35:9:35:25":2,"b:36:2:36:Infinity:undefined:undefined:undefined:undefined":6,"s:36:2:36:Infinity":18,"b:36:6:36:20:36:20:36:33":7,"s:36:33:36:Infinity":19,"b:37:2:37:Infinity:undefined:undefined:undefined:undefined":8,"s:37:2:37:Infinity":20,"b:37:6:37:20:37:20:37:32":9,"s:37:32:37:Infinity":21,"b:38:2:38:Infinity:undefined:undefined:undefined:undefined":10,"s:38:2:38:Infinity":22,"b:38:6:38:19:38:19:38:32":11,"s:38:32:38:Infinity":23,"s:39:2:39:Infinity":24,"f:42:9:42:23":3,"b:43:2:43:Infinity:undefined:undefined:undefined:undefined":12,"s:43:2:43:Infinity":25,"b:43:6:43:20:43:20:43:33":13,"s:43:33:43:Infinity":26,"b:44:2:44:Infinity:undefined:undefined:undefined:undefined":14,"s:44:2:44:Infinity":27,"b:44:6:44:20:44:20:44:32":15,"s:44:32:44:Infinity":28,"b:45:2:45:Infinity:undefined:undefined:undefined:undefined":16,"s:45:2:45:Infinity":29,"b:45:6:45:19:45:19:45:32":17,"s:45:32:45:Infinity":30,"s:46:2:46:Infinity":31,"f:49:16:49:Infinity":4,"b:54:2:57:Infinity:undefined:undefined:undefined:undefined":18,"s:54:2:57:Infinity":32,"s:55:14:55:Infinity":33,"s:56:4:56:Infinity":34,"s:58:12:58:Infinity":35,"s:59:2:59:Infinity":36},"fnNames":{}}}
,"C:\\Users\\maily\\Music\\web_calculador_pago\\src\\lib\\calculos\\constantes.ts": {"path":"C:\\Users\\maily\\Music\\web_calculador_pago\\src\\lib\\calculos\\constantes.ts","statementMap":{"0":{"start":{"line":1,"column":31},"end":{"line":8,"column":null}},"1":{"start":{"line":10,"column":35},"end":{"line":18,"column":null}},"2":{"start":{"line":20,"column":28},"end":{"line":27,"column":null}}},"fnMap":{},"branchMap":{},"s":{"0":4,"1":4,"2":4},"f":{},"b":{},"meta":{"lastBranch":0,"lastFunction":0,"lastStatement":3,"seen":{"s:1:31:8:Infinity":0,"s:10:35:18:Infinity":1,"s:20:28:27:Infinity":2},"fnNames":{}}}
,"C:\\Users\\maily\\Music\\web_calculador_pago\\src\\lib\\calculos\\festivos.ts": {"path":"C:\\Users\\maily\\Music\\web_calculador_pago\\src\\lib\\calculos\\festivos.ts","statementMap":{"0":{"start":{"line":10,"column":22},"end":{"line":10,"column":null}},"1":{"start":{"line":13,"column":2},"end":{"line":15,"column":null}},"2":{"start":{"line":14,"column":4},"end":{"line":14,"column":null}},"3":{"start":{"line":16,"column":20},"end":{"line":16,"column":null}},"4":{"start":{"line":17,"column":2},"end":{"line":19,"column":null}},"5":{"start":{"line":18,"column":4},"end":{"line":18,"column":null}},"6":{"start":{"line":20,"column":2},"end":{"line":20,"column":null}},"7":{"start":{"line":21,"column":2},"end":{"line":21,"column":null}},"8":{"start":{"line":25,"column":14},"end":{"line":25,"column":null}},"9":{"start":{"line":26,"column":14},"end":{"line":26,"column":null}},"10":{"start":{"line":27,"column":15},"end":{"line":27,"column":null}},"11":{"start":{"line":28,"column":2},"end":{"line":28,"column":null}},"12":{"start":{"line":32,"column":2},"end":{"line":32,"column":null}},"13":{"start":{"line":36,"column":2},"end":{"line":36,"column":null}},"14":{"start":{"line":36,"column":27},"end":{"line":36,"column":null}},"15":{"start":{"line":37,"column":15},"end":{"line":37,"column":null}},"16":{"start":{"line":38,"column":19},"end":{"line":38,"column":null}},"17":{"start":{"line":39,"column":19},"end":{"line":39,"column":null}},"18":{"start":{"line":40,"column":2},"end":{"line":40,"column":null}},"19":{"start":{"line":40,"column":30},"end":{"line":40,"column":49}},"20":{"start":{"line":44,"column":2},"end":{"line":44,"column":null}},"21":{"start":{"line":44,"column":27},"end":{"line":44,"column":null}},"22":{"start":{"line":45,"column":15},"end":{"line":45,"column":null}},"23":{"start":{"line":46,"column":19},"end":{"line":46,"column":null}},"24":{"start":{"line":47,"column":19},"end":{"line":47,"column":null}},"25":{"start":{"line":48,"column":21},"end":{"line":48,"column":null}},"26":{"start":{"line":48,"column":42},"end":{"line":48,"column":61}},"27":{"start":{"line":49,"column":2},"end":{"line":49,"column":null}}},"fnMap":{"0":{"name":"obtenerFestivos","decl":{"start":{"line":12,"column":9},"end":{"line":12,"column":25}},"loc":{"start":{"line":12,"column":50},"end":{"line":22,"column":null}},"line":12},"1":{"name":"formatearComoDDMMYYYY","decl":{"start":{"line":24,"column":9},"end":{"line":24,"column":31}},"loc":{"start":{"line":24,"column":52},"end":{"line":29,"column":null}},"line":24},"2":{"name":"fechaValida","decl":{"start":{"line":31,"column":9},"end":{"line":31,"column":21}},"loc":{"start":{"line":31,"column":43},"end":{"line":33,"column":null}},"line":31},"3":{"name":"esFestivo","decl":{"start":{"line":35,"column":16},"end":{"line":35,"column":26}},"loc":{"start":{"line":35,"column":48},"end":{"line":41,"column":null}},"line":35},"4":{"name":"(anonymous_4)","decl":{"start":{"line":40,"column":18},"end":{"line":40,"column":24}},"loc":{"start":{"line":40,"column":30},"end":{"line":40,"column":49}},"line":40},"5":{"name":"nombreFestivo","decl":{"start":{"line":43,"column":16},"end":{"line":43,"column":30}},"loc":{"start":{"line":43,"column":58},"end":{"line":50,"column":null}},"line":43},"6":{"name":"(anonymous_6)","decl":{"start":{"line":48,"column":30},"end":{"line":48,"column":36}},"loc":{"start":{"line":48,"column":42},"end":{"line":48,"column":61}},"line":48}},"branchMap":{"0":{"loc":{"start":{"line":13,"column":2},"end":{"line":15,"column":null}},"type":"if","locations":[{"start":{"line":13,"column":2},"end":{"line":15,"column":null}},{"start":{},"end":{}}],"line":13},"1":{"loc":{"start":{"line":17,"column":2},"end":{"line":19,"column":null}},"type":"if","locations":[{"start":{"line":17,"column":2},"end":{"line":19,"column":null}},{"start":{},"end":{}}],"line":17},"2":{"loc":{"start":{"line":32,"column":9},"end":{"line":32,"column":null}},"type":"binary-expr","locations":[{"start":{"line":32,"column":9},"end":{"line":32,"column":34}},{"start":{"line":32,"column":34},"end":{"line":32,"column":null}}],"line":32},"3":{"loc":{"start":{"line":36,"column":2},"end":{"line":36,"column":null}},"type":"if","locations":[{"start":{"line":36,"column":2},"end":{"line":36,"column":null}},{"start":{},"end":{}}],"line":36},"4":{"loc":{"start":{"line":44,"column":2},"end":{"line":44,"column":null}},"type":"if","locations":[{"start":{"line":44,"column":2},"end":{"line":44,"column":null}},{"start":{},"end":{}}],"line":44},"5":{"loc":{"start":{"line":49,"column":9},"end":{"line":49,"column":null}},"type":"cond-expr","locations":[{"start":{"line":49,"column":22},"end":{"line":49,"column":40}},{"start":{"line":49,"column":40},"end":{"line":49,"column":null}}],"line":49}},"s":{"0":2,"1":73,"2":70,"3":3,"4":3,"5":0,"6":3,"7":3,"8":73,"9":73,"10":73,"11":73,"12":74,"13":71,"14":0,"15":71,"16":71,"17":71,"18":71,"19":1172,"20":3,"21":1,"22":2,"23":2,"24":2,"25":2,"26":19,"27":2},"f":{"0":73,"1":73,"2":74,"3":71,"4":1172,"5":3,"6":19},"b":{"0":[70,3],"1":[0,3],"2":[74,74],"3":[0,71],"4":[1,2],"5":[1,1]},"meta":{"lastBranch":6,"lastFunction":7,"lastStatement":28,"seen":{"s:10:22:10:Infinity":0,"f:12:9:12:25":0,"b:13:2:15:Infinity:undefined:undefined:undefined:undefined":0,"s:13:2:15:Infinity":1,"s:14:4:14:Infinity":2,"s:16:20:16:Infinity":3,"b:17:2:19:Infinity:undefined:undefined:undefined:undefined":1,"s:17:2:19:Infinity":4,"s:18:4:18:Infinity":5,"s:20:2:20:Infinity":6,"s:21:2:21:Infinity":7,"f:24:9:24:31":1,"s:25:14:25:Infinity":8,"s:26:14:26:Infinity":9,"s:27:15:27:Infinity":10,"s:28:2:28:Infinity":11,"f:31:9:31:21":2,"s:32:2:32:Infinity":12,"b:32:9:32:34:32:34:32:Infinity":2,"f:35:16:35:26":3,"b:36:2:36:Infinity:undefined:undefined:undefined:undefined":3,"s:36:2:36:Infinity":13,"s:36:27:36:Infinity":14,"s:37:15:37:Infinity":15,"s:38:19:38:Infinity":16,"s:39:19:39:Infinity":17,"s:40:2:40:Infinity":18,"f:40:18:40:24":4,"s:40:30:40:49":19,"f:43:16:43:30":5,"b:44:2:44:Infinity:undefined:undefined:undefined:undefined":4,"s:44:2:44:Infinity":20,"s:44:27:44:Infinity":21,"s:45:15:45:Infinity":22,"s:46:19:46:Infinity":23,"s:47:19:47:Infinity":24,"s:48:21:48:Infinity":25,"f:48:30:48:36":6,"s:48:42:48:61":26,"s:49:2:49:Infinity":27,"b:49:22:49:40:49:40:49:Infinity":5},"fnNames":{}}}
,"C:\\Users\\maily\\Music\\web_calculador_pago\\src\\lib\\calculos\\motor.ts": {"path":"C:\\Users\\maily\\Music\\web_calculador_pago\\src\\lib\\calculos\\motor.ts","statementMap":{"0":{"start":{"line":20,"column":38},"end":{"line":20,"column":null}},"1":{"start":{"line":22,"column":8},"end":{"line":22,"column":null}},"2":{"start":{"line":23,"column":2},"end":{"line":23,"column":null}},"3":{"start":{"line":24,"column":2},"end":{"line":31,"column":null}},"4":{"start":{"line":24,"column":33},"end":{"line":24,"column":56}},"5":{"start":{"line":25,"column":4},"end":{"line":30,"column":null}},"6":{"start":{"line":33,"column":8},"end":{"line":33,"column":null}},"7":{"start":{"line":34,"column":2},"end":{"line":34,"column":null}},"8":{"start":{"line":35,"column":2},"end":{"line":42,"column":null}},"9":{"start":{"line":35,"column":31},"end":{"line":35,"column":54}},"10":{"start":{"line":36,"column":4},"end":{"line":41,"column":null}},"11":{"start":{"line":44,"column":8},"end":{"line":44,"column":null}},"12":{"start":{"line":45,"column":2},"end":{"line":45,"column":null}},"13":{"start":{"line":46,"column":2},"end":{"line":53,"column":null}},"14":{"start":{"line":46,"column":29},"end":{"line":46,"column":52}},"15":{"start":{"line":47,"column":4},"end":{"line":52,"column":null}},"16":{"start":{"line":55,"column":2},"end":{"line":61,"column":null}},"17":{"start":{"line":56,"column":4},"end":{"line":60,"column":null}},"18":{"start":{"line":63,"column":2},"end":{"line":67,"column":null}},"19":{"start":{"line":69,"column":8},"end":{"line":69,"column":null}},"20":{"start":{"line":70,"column":8},"end":{"line":70,"column":null}},"21":{"start":{"line":71,"column":41},"end":{"line":71,"column":null}},"22":{"start":{"line":73,"column":2},"end":{"line":98,"column":null}},"23":{"start":{"line":74,"column":22},"end":{"line":74,"column":null}},"24":{"start":{"line":75,"column":10},"end":{"line":75,"column":null}},"25":{"start":{"line":76,"column":10},"end":{"line":76,"column":null}},"26":{"start":{"line":77,"column":10},"end":{"line":77,"column":null}},"27":{"start":{"line":78,"column":10},"end":{"line":78,"column":null}},"28":{"start":{"line":80,"column":20},"end":{"line":80,"column":null}},"29":{"start":{"line":81,"column":4},"end":{"line":81,"column":null}},"30":{"start":{"line":83,"column":22},"end":{"line":85,"column":null}},"31":{"start":{"line":87,"column":4},"end":{"line":97,"column":null}},"32":{"start":{"line":100,"column":22},"end":{"line":100,"column":null}},"33":{"start":{"line":100,"column":50},"end":{"line":100,"column":63}},"34":{"start":{"line":101,"column":2},"end":{"line":107,"column":null}},"35":{"start":{"line":102,"column":4},"end":{"line":106,"column":null}},"36":{"start":{"line":109,"column":19},"end":{"line":109,"column":null}},"37":{"start":{"line":111,"column":2},"end":{"line":121,"column":null}},"38":{"start":{"line":112,"column":16},"end":{"line":112,"column":null}},"39":{"start":{"line":113,"column":18},"end":{"line":113,"column":null}},"40":{"start":{"line":114,"column":4},"end":{"line":120,"column":null}},"41":{"start":{"line":115,"column":6},"end":{"line":115,"column":null}},"42":{"start":{"line":116,"column":6},"end":{"line":116,"column":null}},"43":{"start":{"line":117,"column":6},"end":{"line":117,"column":null}},"44":{"start":{"line":119,"column":6},"end":{"line":119,"column":null}},"45":{"start":{"line":123,"column":40},"end":{"line":123,"column":null}},"46":{"start":{"line":124,"column":2},"end":{"line":132,"column":null}},"47":{"start":{"line":125,"column":28},"end":{"line":125,"column":null}},"48":{"start":{"line":125,"column":60},"end":{"line":125,"column":67}},"49":{"start":{"line":126,"column":4},"end":{"line":131,"column":null}},"50":{"start":{"line":134,"column":21},"end":{"line":134,"column":null}},"51":{"start":{"line":134,"column":54},"end":{"line":134,"column":73}},"52":{"start":{"line":135,"column":21},"end":{"line":135,"column":null}},"53":{"start":{"line":137,"column":2},"end":{"line":142,"column":null}}},"fnMap":{"0":{"name":"calcularTurno","decl":{"start":{"line":14,"column":16},"end":{"line":14,"column":null}},"loc":{"start":{"line":19,"column":20},"end":{"line":143,"column":null}},"line":19},"1":{"name":"(anonymous_1)","decl":{"start":{"line":24,"column":21},"end":{"line":24,"column":27}},"loc":{"start":{"line":24,"column":33},"end":{"line":24,"column":56}},"line":24},"2":{"name":"(anonymous_2)","decl":{"start":{"line":35,"column":19},"end":{"line":35,"column":25}},"loc":{"start":{"line":35,"column":31},"end":{"line":35,"column":54}},"line":35},"3":{"name":"(anonymous_3)","decl":{"start":{"line":46,"column":17},"end":{"line":46,"column":23}},"loc":{"start":{"line":46,"column":29},"end":{"line":46,"column":52}},"line":46},"4":{"name":"(anonymous_4)","decl":{"start":{"line":100,"column":36},"end":{"line":100,"column":44}},"loc":{"start":{"line":100,"column":50},"end":{"line":100,"column":63}},"line":100},"5":{"name":"(anonymous_5)","decl":{"start":{"line":125,"column":43},"end":{"line":125,"column":51}},"loc":{"start":{"line":125,"column":60},"end":{"line":125,"column":67}},"line":125},"6":{"name":"(anonymous_6)","decl":{"start":{"line":134,"column":35},"end":{"line":134,"column":43}},"loc":{"start":{"line":134,"column":54},"end":{"line":134,"column":73}},"line":134}},"branchMap":{"0":{"loc":{"start":{"line":24,"column":2},"end":{"line":31,"column":null}},"type":"if","locations":[{"start":{"line":24,"column":2},"end":{"line":31,"column":null}},{"start":{},"end":{}}],"line":24},"1":{"loc":{"start":{"line":35,"column":2},"end":{"line":42,"column":null}},"type":"if","locations":[{"start":{"line":35,"column":2},"end":{"line":42,"column":null}},{"start":{},"end":{}}],"line":35},"2":{"loc":{"start":{"line":46,"column":2},"end":{"line":53,"column":null}},"type":"if","locations":[{"start":{"line":46,"column":2},"end":{"line":53,"column":null}},{"start":{},"end":{}}],"line":46},"3":{"loc":{"start":{"line":55,"column":2},"end":{"line":61,"column":null}},"type":"if","locations":[{"start":{"line":55,"column":2},"end":{"line":61,"column":null}},{"start":{},"end":{}}],"line":55},"4":{"loc":{"start":{"line":75,"column":10},"end":{"line":75,"column":null}},"type":"binary-expr","locations":[{"start":{"line":75,"column":10},"end":{"line":75,"column":46}},{"start":{"line":75,"column":46},"end":{"line":75,"column":59}},{"start":{"line":75,"column":59},"end":{"line":75,"column":null}}],"line":75},"5":{"loc":{"start":{"line":83,"column":22},"end":{"line":85,"column":null}},"type":"cond-expr","locations":[{"start":{"line":83,"column":22},"end":{"line":84,"column":null}},{"start":{"line":84,"column":57},"end":{"line":85,"column":null}}],"line":83},"6":{"loc":{"start":{"line":101,"column":2},"end":{"line":107,"column":null}},"type":"if","locations":[{"start":{"line":101,"column":2},"end":{"line":107,"column":null}},{"start":{},"end":{}}],"line":101},"7":{"loc":{"start":{"line":114,"column":4},"end":{"line":120,"column":null}},"type":"if","locations":[{"start":{"line":114,"column":4},"end":{"line":120,"column":null}},{"start":{"line":118,"column":11},"end":{"line":120,"column":null}}],"line":114},"8":{"loc":{"start":{"line":135,"column":35},"end":{"line":135,"column":null}},"type":"binary-expr","locations":[{"start":{"line":135,"column":35},"end":{"line":135,"column":56}},{"start":{"line":135,"column":56},"end":{"line":135,"column":null}}],"line":135}},"s":{"0":19,"1":19,"2":19,"3":19,"4":18,"5":1,"6":18,"7":18,"8":18,"9":4,"10":2,"11":16,"12":16,"13":16,"14":1,"15":1,"16":15,"17":1,"18":15,"19":15,"20":15,"21":15,"22":15,"23":67,"24":67,"25":67,"26":67,"27":67,"28":67,"29":67,"30":67,"31":67,"32":15,"33":67,"34":15,"35":5,"36":15,"37":15,"38":67,"39":67,"40":67,"41":47,"42":47,"43":47,"44":20,"45":15,"46":15,"47":20,"48":67,"49":20,"50":15,"51":67,"52":15,"53":19},"f":{"0":19,"1":18,"2":4,"3":1,"4":67,"5":67,"6":67},"b":{"0":[1,18],"1":[2,16],"2":[1,15],"3":[1,14],"4":[67,63,11],"5":[43,24],"6":[5,10],"7":[47,20],"8":[15,14]},"meta":{"lastBranch":9,"lastFunction":7,"lastStatement":54,"seen":{"f:14:16:14:Infinity":0,"s:20:38:20:Infinity":0,"s:22:8:22:Infinity":1,"s:23:2:23:Infinity":2,"b:24:2:31:Infinity:undefined:undefined:undefined:undefined":0,"s:24:2:31:Infinity":3,"f:24:21:24:27":1,"s:24:33:24:56":4,"s:25:4:30:Infinity":5,"s:33:8:33:Infinity":6,"s:34:2:34:Infinity":7,"b:35:2:42:Infinity:undefined:undefined:undefined:undefined":1,"s:35:2:42:Infinity":8,"f:35:19:35:25":2,"s:35:31:35:54":9,"s:36:4:41:Infinity":10,"s:44:8:44:Infinity":11,"s:45:2:45:Infinity":12,"b:46:2:53:Infinity:undefined:undefined:undefined:undefined":2,"s:46:2:53:Infinity":13,"f:46:17:46:23":3,"s:46:29:46:52":14,"s:47:4:52:Infinity":15,"b:55:2:61:Infinity:undefined:undefined:undefined:undefined":3,"s:55:2:61:Infinity":16,"s:56:4:60:Infinity":17,"s:63:2:67:Infinity":18,"s:69:8:69:Infinity":19,"s:70:8:70:Infinity":20,"s:71:41:71:Infinity":21,"s:73:2:98:Infinity":22,"s:74:22:74:Infinity":23,"s:75:10:75:Infinity":24,"b:75:10:75:46:75:46:75:59:75:59:75:Infinity":4,"s:76:10:76:Infinity":25,"s:77:10:77:Infinity":26,"s:78:10:78:Infinity":27,"s:80:20:80:Infinity":28,"s:81:4:81:Infinity":29,"s:83:22:85:Infinity":30,"b:83:22:84:Infinity:84:57:85:Infinity":5,"s:87:4:97:Infinity":31,"s:100:22:100:Infinity":32,"f:100:36:100:44":4,"s:100:50:100:63":33,"b:101:2:107:Infinity:undefined:undefined:undefined:undefined":6,"s:101:2:107:Infinity":34,"s:102:4:106:Infinity":35,"s:109:19:109:Infinity":36,"s:111:2:121:Infinity":37,"s:112:16:112:Infinity":38,"s:113:18:113:Infinity":39,"b:114:4:120:Infinity:118:11:120:Infinity":7,"s:114:4:120:Infinity":40,"s:115:6:115:Infinity":41,"s:116:6:116:Infinity":42,"s:117:6:117:Infinity":43,"s:119:6:119:Infinity":44,"s:123:40:123:Infinity":45,"s:124:2:132:Infinity":46,"s:125:28:125:Infinity":47,"f:125:43:125:51":5,"s:125:60:125:67":48,"s:126:4:131:Infinity":49,"s:134:21:134:Infinity":50,"f:134:35:134:43":6,"s:134:54:134:73":51,"s:135:21:135:Infinity":52,"b:135:35:135:56:135:56:135:Infinity":8,"s:137:2:142:Infinity":53},"fnNames":{}}}
,"C:\\Users\\maily\\Music\\web_calculador_pago\\src\\lib\\calculos\\tipos.ts": {"path":"C:\\Users\\maily\\Music\\web_calculador_pago\\src\\lib\\calculos\\tipos.ts","statementMap":{"0":{"start":{"line":1,"column":24},"end":{"line":11,"column":null}}},"fnMap":{},"branchMap":{},"s":{"0":2},"f":{},"b":{},"meta":{"lastBranch":0,"lastFunction":0,"lastStatement":1,"seen":{"s:1:24:11:Infinity":0},"fnNames":{}}}
,"C:\\Users\\maily\\Music\\web_calculador_pago\\src\\lib\\calculos\\utilidades.ts": {"path":"C:\\Users\\maily\\Music\\web_calculador_pago\\src\\lib\\calculos\\utilidades.ts","statementMap":{"0":{"start":{"line":5,"column":2},"end":{"line":5,"column":null}},"1":{"start":{"line":9,"column":17},"end":{"line":9,"column":null}},"2":{"start":{"line":10,"column":2},"end":{"line":10,"column":null}},"3":{"start":{"line":14,"column":2},"end":{"line":14,"column":null}},"4":{"start":{"line":18,"column":12},"end":{"line":18,"column":null}},"5":{"start":{"line":19,"column":2},"end":{"line":19,"column":null}},"6":{"start":{"line":23,"column":2},"end":{"line":23,"column":null}},"7":{"start":{"line":27,"column":24},"end":{"line":27,"column":null}},"8":{"start":{"line":29,"column":2},"end":{"line":47,"column":null}},"9":{"start":{"line":30,"column":19},"end":{"line":30,"column":null}},"10":{"start":{"line":31,"column":39},"end":{"line":31,"column":null}},"11":{"start":{"line":32,"column":4},"end":{"line":32,"column":null}},"12":{"start":{"line":34,"column":16},"end":{"line":34,"column":null}},"13":{"start":{"line":35,"column":39},"end":{"line":35,"column":null}},"14":{"start":{"line":36,"column":4},"end":{"line":36,"column":null}},"15":{"start":{"line":38,"column":4},"end":{"line":40,"column":null}},"16":{"start":{"line":39,"column":6},"end":{"line":39,"column":null}},"17":{"start":{"line":42,"column":17},"end":{"line":42,"column":null}},"18":{"start":{"line":43,"column":4},"end":{"line":46,"column":null}},"19":{"start":{"line":44,"column":6},"end":{"line":44,"column":null}},"20":{"start":{"line":45,"column":6},"end":{"line":45,"column":null}},"21":{"start":{"line":49,"column":2},"end":{"line":49,"column":null}},"22":{"start":{"line":53,"column":38},"end":{"line":53,"column":null}},"23":{"start":{"line":54,"column":18},"end":{"line":54,"column":null}},"24":{"start":{"line":56,"column":2},"end":{"line":63,"column":null}},"25":{"start":{"line":57,"column":4},"end":{"line":61,"column":null}},"26":{"start":{"line":62,"column":4},"end":{"line":62,"column":null}},"27":{"start":{"line":65,"column":2},"end":{"line":72,"column":null}},"28":{"start":{"line":66,"column":4},"end":{"line":70,"column":null}},"29":{"start":{"line":71,"column":4},"end":{"line":71,"column":null}},"30":{"start":{"line":74,"column":29},"end":{"line":74,"column":null}},"31":{"start":{"line":75,"column":56},"end":{"line":75,"column":null}},"32":{"start":{"line":77,"column":2},"end":{"line":107,"column":null}},"33":{"start":{"line":78,"column":39},"end":{"line":78,"column":null}},"34":{"start":{"line":79,"column":39},"end":{"line":79,"column":null}},"35":{"start":{"line":80,"column":22},"end":{"line":80,"column":null}},"36":{"start":{"line":81,"column":17},"end":{"line":81,"column":null}},"37":{"start":{"line":83,"column":4},"end":{"line":90,"column":null}},"38":{"start":{"line":84,"column":6},"end":{"line":88,"column":null}},"39":{"start":{"line":89,"column":6},"end":{"line":89,"column":null}},"40":{"start":{"line":92,"column":4},"end":{"line":94,"column":null}},"41":{"start":{"line":93,"column":6},"end":{"line":93,"column":null}},"42":{"start":{"line":96,"column":4},"end":{"line":103,"column":null}},"43":{"start":{"line":97,"column":6},"end":{"line":101,"column":null}},"44":{"start":{"line":102,"column":6},"end":{"line":102,"column":null}},"45":{"start":{"line":105,"column":4},"end":{"line":105,"column":null}},"46":{"start":{"line":106,"column":4},"end":{"line":106,"column":null}},"47":{"start":{"line":109,"column":2},"end":{"line":120,"column":null}},"48":{"start":{"line":109,"column":15},"end":{"line":109,"column":18}},"49":{"start":{"line":110,"column":4},"end":{"line":119,"column":null}},"50":{"start":{"line":110,"column":17},"end":{"line":110,"column":24}},"51":{"start":{"line":111,"column":6},"end":{"line":118,"column":null}},"52":{"start":{"line":112,"column":8},"end":{"line":116,"column":null}},"53":{"start":{"line":117,"column":8},"end":{"line":117,"column":null}},"54":{"start":{"line":122,"column":2},"end":{"line":129,"column":null}},"55":{"start":{"line":123,"column":4},"end":{"line":127,"column":null}},"56":{"start":{"line":128,"column":4},"end":{"line":128,"column":null}},"57":{"start":{"line":131,"column":2},"end":{"line":137,"column":null}},"58":{"start":{"line":131,"column":26},"end":{"line":131,"column":42}},"59":{"start":{"line":132,"column":4},"end":{"line":136,"column":null}},"60":{"start":{"line":139,"column":2},"end":{"line":139,"column":null}},"61":{"start":{"line":143,"column":38},"end":{"line":143,"column":null}},"62":{"start":{"line":145,"column":2},"end":{"line":152,"column":null}},"63":{"start":{"line":146,"column":4},"end":{"line":150,"column":null}},"64":{"start":{"line":151,"column":4},"end":{"line":151,"column":null}},"65":{"start":{"line":154,"column":23},"end":{"line":154,"column":null}},"66":{"start":{"line":155,"column":2},"end":{"line":180,"column":null}},"67":{"start":{"line":156,"column":20},"end":{"line":156,"column":null}},"68":{"start":{"line":157,"column":4},"end":{"line":164,"column":null}},"69":{"start":{"line":158,"column":6},"end":{"line":162,"column":null}},"70":{"start":{"line":163,"column":6},"end":{"line":163,"column":null}},"71":{"start":{"line":166,"column":4},"end":{"line":173,"column":null}},"72":{"start":{"line":167,"column":6},"end":{"line":171,"column":null}},"73":{"start":{"line":172,"column":6},"end":{"line":172,"column":null}},"74":{"start":{"line":175,"column":39},"end":{"line":175,"column":null}},"75":{"start":{"line":176,"column":39},"end":{"line":176,"column":null}},"76":{"start":{"line":177,"column":23},"end":{"line":177,"column":null}},"77":{"start":{"line":178,"column":4},"end":{"line":178,"column":null}},"78":{"start":{"line":178,"column":26},"end":{"line":178,"column":null}},"79":{"start":{"line":179,"column":4},"end":{"line":179,"column":null}},"80":{"start":{"line":182,"column":2},"end":{"line":188,"column":null}},"81":{"start":{"line":183,"column":4},"end":{"line":187,"column":null}},"82":{"start":{"line":190,"column":2},"end":{"line":190,"column":null}},"83":{"start":{"line":194,"column":2},"end":{"line":202,"column":null}},"84":{"start":{"line":195,"column":4},"end":{"line":201,"column":null}},"85":{"start":{"line":203,"column":2},"end":{"line":203,"column":null}}},"fnMap":{"0":{"name":"redondearCOP","decl":{"start":{"line":4,"column":16},"end":{"line":4,"column":29}},"loc":{"start":{"line":4,"column":48},"end":{"line":6,"column":null}},"line":4},"1":{"name":"parseHora","decl":{"start":{"line":8,"column":16},"end":{"line":8,"column":26}},"loc":{"start":{"line":8,"column":76},"end":{"line":11,"column":null}},"line":8},"2":{"name":"horaANumero","decl":{"start":{"line":13,"column":16},"end":{"line":13,"column":28}},"loc":{"start":{"line":13,"column":68},"end":{"line":15,"column":null}},"line":13},"3":{"name":"esHoraNocturna","decl":{"start":{"line":17,"column":16},"end":{"line":17,"column":31}},"loc":{"start":{"line":17,"column":53},"end":{"line":20,"column":null}},"line":17},"4":{"name":"diaSemanaJSaISO","decl":{"start":{"line":22,"column":16},"end":{"line":22,"column":32}},"loc":{"start":{"line":22,"column":53},"end":{"line":24,"column":null}},"line":22},"5":{"name":"generarHorasTurno","decl":{"start":{"line":26,"column":16},"end":{"line":26,"column":34}},"loc":{"start":{"line":26,"column":56},"end":{"line":50,"column":null}},"line":26},"6":{"name":"validarTurno","decl":{"start":{"line":52,"column":16},"end":{"line":52,"column":29}},"loc":{"start":{"line":52,"column":58},"end":{"line":140,"column":null}},"line":52},"7":{"name":"(anonymous_7)","decl":{"start":{"line":131,"column":14},"end":{"line":131,"column":20}},"loc":{"start":{"line":131,"column":26},"end":{"line":131,"column":42}},"line":131},"8":{"name":"validarJornadaPactada","decl":{"start":{"line":142,"column":16},"end":{"line":142,"column":38}},"loc":{"start":{"line":142,"column":78},"end":{"line":191,"column":null}},"line":142},"9":{"name":"validarAñoFestivos","decl":{"start":{"line":193,"column":16},"end":{"line":193,"column":35}},"loc":{"start":{"line":193,"column":63},"end":{"line":204,"column":null}},"line":193}},"branchMap":{"0":{"loc":{"start":{"line":10,"column":30},"end":{"line":10,"column":37}},"type":"binary-expr","locations":[{"start":{"line":10,"column":30},"end":{"line":10,"column":35}},{"start":{"line":10,"column":35},"end":{"line":10,"column":37}}],"line":10},"1":{"loc":{"start":{"line":19,"column":9},"end":{"line":19,"column":null}},"type":"binary-expr","locations":[{"start":{"line":19,"column":9},"end":{"line":19,"column":49}},{"start":{"line":19,"column":49},"end":{"line":19,"column":null}}],"line":19},"2":{"loc":{"start":{"line":23,"column":9},"end":{"line":23,"column":null}},"type":"cond-expr","locations":[{"start":{"line":23,"column":21},"end":{"line":23,"column":25}},{"start":{"line":23,"column":25},"end":{"line":23,"column":null}}],"line":23},"3":{"loc":{"start":{"line":38,"column":4},"end":{"line":40,"column":null}},"type":"if","locations":[{"start":{"line":38,"column":4},"end":{"line":40,"column":null}},{"start":{},"end":{}}],"line":38},"4":{"loc":{"start":{"line":43,"column":11},"end":{"line":43,"column":72}},"type":"binary-expr","locations":[{"start":{"line":43,"column":11},"end":{"line":43,"column":27}},{"start":{"line":43,"column":27},"end":{"line":43,"column":72}}],"line":43},"5":{"loc":{"start":{"line":56,"column":2},"end":{"line":63,"column":null}},"type":"if","locations":[{"start":{"line":56,"column":2},"end":{"line":63,"column":null}},{"start":{},"end":{}}],"line":56},"6":{"loc":{"start":{"line":65,"column":2},"end":{"line":72,"column":null}},"type":"if","locations":[{"start":{"line":65,"column":2},"end":{"line":72,"column":null}},{"start":{},"end":{}}],"line":65},"7":{"loc":{"start":{"line":83,"column":4},"end":{"line":90,"column":null}},"type":"if","locations":[{"start":{"line":83,"column":4},"end":{"line":90,"column":null}},{"start":{},"end":{}}],"line":83},"8":{"loc":{"start":{"line":92,"column":4},"end":{"line":94,"column":null}},"type":"if","locations":[{"start":{"line":92,"column":4},"end":{"line":94,"column":null}},{"start":{},"end":{}}],"line":92},"9":{"loc":{"start":{"line":96,"column":4},"end":{"line":103,"column":null}},"type":"if","locations":[{"start":{"line":96,"column":4},"end":{"line":103,"column":null}},{"start":{},"end":{}}],"line":96},"10":{"loc":{"start":{"line":111,"column":6},"end":{"line":118,"column":null}},"type":"if","locations":[{"start":{"line":111,"column":6},"end":{"line":118,"column":null}},{"start":{},"end":{}}],"line":111},"11":{"loc":{"start":{"line":111,"column":10},"end":{"line":111,"column":96}},"type":"binary-expr","locations":[{"start":{"line":111,"column":10},"end":{"line":111,"column":54}},{"start":{"line":111,"column":54},"end":{"line":111,"column":96}}],"line":111},"12":{"loc":{"start":{"line":122,"column":2},"end":{"line":129,"column":null}},"type":"if","locations":[{"start":{"line":122,"column":2},"end":{"line":129,"column":null}},{"start":{},"end":{}}],"line":122},"13":{"loc":{"start":{"line":131,"column":2},"end":{"line":137,"column":null}},"type":"if","locations":[{"start":{"line":131,"column":2},"end":{"line":137,"column":null}},{"start":{},"end":{}}],"line":131},"14":{"loc":{"start":{"line":145,"column":2},"end":{"line":152,"column":null}},"type":"if","locations":[{"start":{"line":145,"column":2},"end":{"line":152,"column":null}},{"start":{},"end":{}}],"line":145},"15":{"loc":{"start":{"line":157,"column":4},"end":{"line":164,"column":null}},"type":"if","locations":[{"start":{"line":157,"column":4},"end":{"line":164,"column":null}},{"start":{},"end":{}}],"line":157},"16":{"loc":{"start":{"line":166,"column":4},"end":{"line":173,"column":null}},"type":"if","locations":[{"start":{"line":166,"column":4},"end":{"line":173,"column":null}},{"start":{},"end":{}}],"line":166},"17":{"loc":{"start":{"line":178,"column":4},"end":{"line":178,"column":null}},"type":"if","locations":[{"start":{"line":178,"column":4},"end":{"line":178,"column":null}},{"start":{},"end":{}}],"line":178},"18":{"loc":{"start":{"line":182,"column":2},"end":{"line":188,"column":null}},"type":"if","locations":[{"start":{"line":182,"column":2},"end":{"line":188,"column":null}},{"start":{},"end":{}}],"line":182},"19":{"loc":{"start":{"line":194,"column":2},"end":{"line":202,"column":null}},"type":"if","locations":[{"start":{"line":194,"column":2},"end":{"line":202,"column":null}},{"start":{},"end":{}}],"line":194},"20":{"loc":{"start":{"line":194,"column":6},"end":{"line":194,"column":96}},"type":"binary-expr","locations":[{"start":{"line":194,"column":6},"end":{"line":194,"column":20}},{"start":{"line":194,"column":20},"end":{"line":194,"column":59}},{"start":{"line":194,"column":59},"end":{"line":194,"column":96}}],"line":194}},"s":{"0":82,"1":404,"2":404,"3":0,"4":74,"5":74,"6":102,"7":15,"8":15,"9":16,"10":16,"11":16,"12":16,"13":16,"14":16,"15":16,"16":2,"17":16,"18":16,"19":67,"20":67,"21":15,"22":22,"23":22,"24":22,"25":1,"26":1,"27":21,"28":0,"29":0,"30":21,"31":21,"32":21,"33":25,"34":25,"35":25,"36":25,"37":25,"38":1,"39":1,"40":24,"41":4,"42":24,"43":0,"44":0,"45":24,"46":24,"47":20,"48":20,"49":23,"50":23,"51":4,"52":1,"53":1,"54":19,"55":1,"56":1,"57":18,"58":20,"59":3,"60":18,"61":23,"62":23,"63":2,"64":2,"65":21,"66":21,"67":93,"68":93,"69":1,"70":1,"71":92,"72":1,"73":1,"74":91,"75":91,"76":91,"77":91,"78":0,"79":91,"80":19,"81":17,"82":19,"83":22,"84":4,"85":18},"f":{"0":82,"1":404,"2":0,"3":74,"4":102,"5":15,"6":22,"7":20,"8":23,"9":22},"b":{"0":[404,0],"1":[74,63],"2":[25,77],"3":[2,14],"4":[16,67],"5":[1,21],"6":[0,21],"7":[1,24],"8":[4,20],"9":[0,24],"10":[1,3],"11":[4,4],"12":[1,18],"13":[3,15],"14":[2,21],"15":[1,92],"16":[1,91],"17":[0,91],"18":[17,2],"19":[4,18],"20":[22,21,18]},"meta":{"lastBranch":21,"lastFunction":10,"lastStatement":86,"seen":{"f:4:16:4:29":0,"s:5:2:5:Infinity":0,"f:8:16:8:26":1,"s:9:17:9:Infinity":1,"s:10:2:10:Infinity":2,"b:10:30:10:35:10:35:10:37":0,"f:13:16:13:28":2,"s:14:2:14:Infinity":3,"f:17:16:17:31":3,"s:18:12:18:Infinity":4,"s:19:2:19:Infinity":5,"b:19:9:19:49:19:49:19:Infinity":1,"f:22:16:22:32":4,"s:23:2:23:Infinity":6,"b:23:21:23:25:23:25:23:Infinity":2,"f:26:16:26:34":5,"s:27:24:27:Infinity":7,"s:29:2:47:Infinity":8,"s:30:19:30:Infinity":9,"s:31:39:31:Infinity":10,"s:32:4:32:Infinity":11,"s:34:16:34:Infinity":12,"s:35:39:35:Infinity":13,"s:36:4:36:Infinity":14,"b:38:4:40:Infinity:undefined:undefined:undefined:undefined":3,"s:38:4:40:Infinity":15,"s:39:6:39:Infinity":16,"s:42:17:42:Infinity":17,"s:43:4:46:Infinity":18,"b:43:11:43:27:43:27:43:72":4,"s:44:6:44:Infinity":19,"s:45:6:45:Infinity":20,"s:49:2:49:Infinity":21,"f:52:16:52:29":6,"s:53:38:53:Infinity":22,"s:54:18:54:Infinity":23,"b:56:2:63:Infinity:undefined:undefined:undefined:undefined":5,"s:56:2:63:Infinity":24,"s:57:4:61:Infinity":25,"s:62:4:62:Infinity":26,"b:65:2:72:Infinity:undefined:undefined:undefined:undefined":6,"s:65:2:72:Infinity":27,"s:66:4:70:Infinity":28,"s:71:4:71:Infinity":29,"s:74:29:74:Infinity":30,"s:75:56:75:Infinity":31,"s:77:2:107:Infinity":32,"s:78:39:78:Infinity":33,"s:79:39:79:Infinity":34,"s:80:22:80:Infinity":35,"s:81:17:81:Infinity":36,"b:83:4:90:Infinity:undefined:undefined:undefined:undefined":7,"s:83:4:90:Infinity":37,"s:84:6:88:Infinity":38,"s:89:6:89:Infinity":39,"b:92:4:94:Infinity:undefined:undefined:undefined:undefined":8,"s:92:4:94:Infinity":40,"s:93:6:93:Infinity":41,"b:96:4:103:Infinity:undefined:undefined:undefined:undefined":9,"s:96:4:103:Infinity":42,"s:97:6:101:Infinity":43,"s:102:6:102:Infinity":44,"s:105:4:105:Infinity":45,"s:106:4:106:Infinity":46,"s:109:2:120:Infinity":47,"s:109:15:109:18":48,"s:110:4:119:Infinity":49,"s:110:17:110:24":50,"b:111:6:118:Infinity:undefined:undefined:undefined:undefined":10,"s:111:6:118:Infinity":51,"b:111:10:111:54:111:54:111:96":11,"s:112:8:116:Infinity":52,"s:117:8:117:Infinity":53,"b:122:2:129:Infinity:undefined:undefined:undefined:undefined":12,"s:122:2:129:Infinity":54,"s:123:4:127:Infinity":55,"s:128:4:128:Infinity":56,"b:131:2:137:Infinity:undefined:undefined:undefined:undefined":13,"s:131:2:137:Infinity":57,"f:131:14:131:20":7,"s:131:26:131:42":58,"s:132:4:136:Infinity":59,"s:139:2:139:Infinity":60,"f:142:16:142:38":8,"s:143:38:143:Infinity":61,"b:145:2:152:Infinity:undefined:undefined:undefined:undefined":14,"s:145:2:152:Infinity":62,"s:146:4:150:Infinity":63,"s:151:4:151:Infinity":64,"s:154:23:154:Infinity":65,"s:155:2:180:Infinity":66,"s:156:20:156:Infinity":67,"b:157:4:164:Infinity:undefined:undefined:undefined:undefined":15,"s:157:4:164:Infinity":68,"s:158:6:162:Infinity":69,"s:163:6:163:Infinity":70,"b:166:4:173:Infinity:undefined:undefined:undefined:undefined":16,"s:166:4:173:Infinity":71,"s:167:6:171:Infinity":72,"s:172:6:172:Infinity":73,"s:175:39:175:Infinity":74,"s:176:39:176:Infinity":75,"s:177:23:177:Infinity":76,"b:178:4:178:Infinity:undefined:undefined:undefined:undefined":17,"s:178:4:178:Infinity":77,"s:178:26:178:Infinity":78,"s:179:4:179:Infinity":79,"b:182:2:188:Infinity:undefined:undefined:undefined:undefined":18,"s:182:2:188:Infinity":80,"s:183:4:187:Infinity":81,"s:190:2:190:Infinity":82,"f:193:16:193:35":9,"b:194:2:202:Infinity:undefined:undefined:undefined:undefined":19,"s:194:2:202:Infinity":83,"b:194:6:194:20:194:20:194:59:194:59:194:96":20,"s:195:4:201:Infinity":84,"s:203:2:203:Infinity":85},"fnNames":{}}}
}
